<?xml version="1.0" encoding="UTF-8"?>
<testsuite xmlns:xsi="http://www.w3.org/2001/XMLSchema-instance" xsi:noNamespaceSchemaLocation="https://maven.apache.org/surefire/maven-surefire-plugin/xsd/surefire-test-report.xsd" name="CalculatorControllerTest" time="0.012" tests="4" errors="0" skipped="0" failures="0">
  <properties>
    <property name="awt.toolkit" value="sun.awt.X11.XToolkit"/>
    <property name="java.specification.version" value="11"/>
    <property name="sun.cpu.isalist" value=""/>
    <property name="sun.jnu.encoding" value="UTF-8"/>
    <property name="java.class.path" value="/home/jacek/eclipse-workspace/calculatorTask/target/test-classes:/home/jacek/eclipse-workspace/calculatorTask/target/classes:/home/jacek/.m2/repository/org/spockframework/spock-core/2.0-M2-groovy-3.0/spock-core-2.0-M2-groovy-3.0.jar:/home/jacek/.m2/repository/org/codehaus/groovy/groovy/3.0.0/groovy-3.0.0.jar:/home/jacek/.m2/repository/org/codehaus/groovy/groovy-json/3.0.0/groovy-json-3.0.0.jar:/home/jacek/.m2/repository/org/codehaus/groovy/groovy-nio/3.0.0/groovy-nio-3.0.0.jar:/home/jacek/.m2/repository/org/codehaus/groovy/groovy-macro/3.0.0/groovy-macro-3.0.0.jar:/home/jacek/.m2/repository/org/codehaus/groovy/groovy-templates/3.0.0/groovy-templates-3.0.0.jar:/home/jacek/.m2/repository/org/codehaus/groovy/groovy-test/3.0.0/groovy-test-3.0.0.jar:/home/jacek/.m2/repository/org/codehaus/groovy/groovy-sql/3.0.0/groovy-sql-3.0.0.jar:/home/jacek/.m2/repository/org/codehaus/groovy/groovy-xml/3.0.0/groovy-xml-3.0.0.jar:/home/jacek/.m2/repository/org/junit/platform/junit-platform-engine/1.5.2/junit-platform-engine-1.5.2.jar:/home/jacek/.m2/repository/org/apiguardian/apiguardian-api/1.1.0/apiguardian-api-1.1.0.jar:/home/jacek/.m2/repository/org/opentest4j/opentest4j/1.2.0/opentest4j-1.2.0.jar:/home/jacek/.m2/repository/org/junit/platform/junit-platform-commons/1.5.2/junit-platform-commons-1.5.2.jar:/home/jacek/.m2/repository/junit/junit/4.12/junit-4.12.jar:/home/jacek/.m2/repository/org/hamcrest/hamcrest-core/1.3/hamcrest-core-1.3.jar:/home/jacek/.m2/repository/org/projectlombok/lombok/1.18.12/lombok-1.18.12.jar:"/>
    <property name="java.vm.vendor" value="Private Build"/>
    <property name="sun.arch.data.model" value="64"/>
    <property name="java.vendor.url" value="Unknown"/>
    <property name="user.timezone" value=""/>
    <property name="java.vm.specification.version" value="11"/>
    <property name="os.name" value="Linux"/>
    <property name="sun.java.launcher" value="SUN_STANDARD"/>
    <property name="user.country" value="PL"/>
    <property name="sun.boot.library.path" value="/usr/lib/jvm/java-11-openjdk-amd64/lib"/>
    <property name="sun.java.command" value="/home/jacek/eclipse-workspace/calculatorTask/target/surefire/surefirebooter17893869663066318073.jar /home/jacek/eclipse-workspace/calculatorTask/target/surefire 2020-03-06T06-13-49_605-jvmRun1 surefire10926017690895392259tmp surefire_06576191798141085631tmp"/>
    <property name="jdk.debug" value="release"/>
    <property name="surefire.test.class.path" value="/home/jacek/eclipse-workspace/calculatorTask/target/test-classes:/home/jacek/eclipse-workspace/calculatorTask/target/classes:/home/jacek/.m2/repository/org/spockframework/spock-core/2.0-M2-groovy-3.0/spock-core-2.0-M2-groovy-3.0.jar:/home/jacek/.m2/repository/org/codehaus/groovy/groovy/3.0.0/groovy-3.0.0.jar:/home/jacek/.m2/repository/org/codehaus/groovy/groovy-json/3.0.0/groovy-json-3.0.0.jar:/home/jacek/.m2/repository/org/codehaus/groovy/groovy-nio/3.0.0/groovy-nio-3.0.0.jar:/home/jacek/.m2/repository/org/codehaus/groovy/groovy-macro/3.0.0/groovy-macro-3.0.0.jar:/home/jacek/.m2/repository/org/codehaus/groovy/groovy-templates/3.0.0/groovy-templates-3.0.0.jar:/home/jacek/.m2/repository/org/codehaus/groovy/groovy-test/3.0.0/groovy-test-3.0.0.jar:/home/jacek/.m2/repository/org/codehaus/groovy/groovy-sql/3.0.0/groovy-sql-3.0.0.jar:/home/jacek/.m2/repository/org/codehaus/groovy/groovy-xml/3.0.0/groovy-xml-3.0.0.jar:/home/jacek/.m2/repository/org/junit/platform/junit-platform-engine/1.5.2/junit-platform-engine-1.5.2.jar:/home/jacek/.m2/repository/org/apiguardian/apiguardian-api/1.1.0/apiguardian-api-1.1.0.jar:/home/jacek/.m2/repository/org/opentest4j/opentest4j/1.2.0/opentest4j-1.2.0.jar:/home/jacek/.m2/repository/org/junit/platform/junit-platform-commons/1.5.2/junit-platform-commons-1.5.2.jar:/home/jacek/.m2/repository/junit/junit/4.12/junit-4.12.jar:/home/jacek/.m2/repository/org/hamcrest/hamcrest-core/1.3/hamcrest-core-1.3.jar:/home/jacek/.m2/repository/org/projectlombok/lombok/1.18.12/lombok-1.18.12.jar:"/>
    <property name="sun.cpu.endian" value="little"/>
    <property name="user.home" value="/home/jacek"/>
    <property name="user.language" value="pl"/>
    <property name="java.specification.vendor" value="Oracle Corporation"/>
    <property name="java.version.date" value="2019-10-15"/>
    <property name="java.home" value="/usr/lib/jvm/java-11-openjdk-amd64"/>
    <property name="file.separator" value="/"/>
    <property name="basedir" value="/home/jacek/eclipse-workspace/calculatorTask"/>
    <property name="java.vm.compressedOopsMode" value="Zero based"/>
    <property name="line.separator" value="&#10;"/>
    <property name="java.specification.name" value="Java Platform API Specification"/>
    <property name="java.vm.specification.vendor" value="Oracle Corporation"/>
    <property name="java.awt.graphicsenv" value="sun.awt.X11GraphicsEnvironment"/>
    <property name="surefire.real.class.path" value="/home/jacek/eclipse-workspace/calculatorTask/target/surefire/surefirebooter17893869663066318073.jar"/>
    <property name="sun.management.compiler" value="HotSpot 64-Bit Tiered Compilers"/>
    <property name="java.runtime.version" value="11.0.5+10-post-Ubuntu-0ubuntu1.118.04"/>
    <property name="user.name" value="jacek"/>
    <property name="path.separator" value=":"/>
    <property name="os.version" value="4.15.0-54-generic"/>
    <property name="java.runtime.name" value="OpenJDK Runtime Environment"/>
    <property name="file.encoding" value="UTF-8"/>
    <property name="java.vm.name" value="OpenJDK 64-Bit Server VM"/>
    <property name="localRepository" value="/home/jacek/.m2/repository"/>
    <property name="java.vendor.url.bug" value="Unknown"/>
    <property name="java.io.tmpdir" value="/tmp"/>
    <property name="java.version" value="11.0.5"/>
    <property name="user.dir" value="/home/jacek/eclipse-workspace/calculatorTask"/>
    <property name="os.arch" value="amd64"/>
    <property name="java.vm.specification.name" value="Java Virtual Machine Specification"/>
    <property name="java.awt.printerjob" value="sun.print.PSPrinterJob"/>
    <property name="sun.os.patch.level" value="unknown"/>
    <property name="java.library.path" value="/usr/java/packages/lib:/usr/lib/x86_64-linux-gnu/jni:/lib/x86_64-linux-gnu:/usr/lib/x86_64-linux-gnu:/usr/lib/jni:/lib:/usr/lib"/>
    <property name="java.vendor" value="Private Build"/>
    <property name="java.vm.info" value="mixed mode, sharing"/>
    <property name="java.vm.version" value="11.0.5+10-post-Ubuntu-0ubuntu1.118.04"/>
    <property name="sun.io.unicode.encoding" value="UnicodeLittle"/>
    <property name="java.class.version" value="55.0"/>
  </properties>
  <testcase name="test should return 15 when loading file number 1" classname="controller.CalculatorControllerTest" time="0.005"/>
  <testcase name="test should return 45 when loading file number 2" classname="controller.CalculatorControllerTest" time="0.001"/>
  <testcase name="test should return 24 when loading file number 3" classname="controller.CalculatorControllerTest" time="0.002"/>
  <testcase name="test should return 120 when loading file number 4" classname="controller.CalculatorControllerTest" time="0.002"/>
</testsuite>